{"C:\\Users\\valer\\Desktop\\vitor\\FinancialPlanner\\src\\entities\\category.entity.ts": {"path":"C:\\Users\\valer\\Desktop\\vitor\\FinancialPlanner\\src\\entities\\category.entity.ts","statementMap":{"0":{"start":{"line":1,"column":0},"end":{"line":1,"column":55}},"1":{"start":{"line":2,"column":0},"end":{"line":2,"column":36}},"2":{"start":{"line":12,"column":14},"end":{"line":43,"column":null}},"3":{"start":{"line":20,"column":4},"end":{"line":20,"column":30}},"4":{"start":{"line":22,"column":4},"end":{"line":25,"column":6}},"5":{"start":{"line":29,"column":4},"end":{"line":29,"column":20}},"6":{"start":{"line":33,"column":4},"end":{"line":33,"column":28}},"7":{"start":{"line":37,"column":4},"end":{"line":37,"column":29}},"8":{"start":{"line":41,"column":4},"end":{"line":41,"column":32}},"9":{"start":{"line":12,"column":6},"end":{"line":43,"column":null}},"10":{"start":{"line":45,"column":9},"end":{"line":45,"column":17}}},"fnMap":{"0":{"name":"(anonymous_2)","decl":{"start":{"line":16,"column":2},"end":{"line":16,"column":null}},"loc":{"start":{"line":18,"column":15},"end":{"line":26,"column":3}}},"1":{"name":"(anonymous_3)","decl":{"start":{"line":28,"column":2},"end":{"line":28,"column":13}},"loc":{"start":{"line":28,"column":15},"end":{"line":30,"column":3}}},"2":{"name":"(anonymous_4)","decl":{"start":{"line":32,"column":2},"end":{"line":32,"column":13}},"loc":{"start":{"line":32,"column":18},"end":{"line":34,"column":3}}},"3":{"name":"(anonymous_5)","decl":{"start":{"line":36,"column":2},"end":{"line":36,"column":13}},"loc":{"start":{"line":36,"column":32},"end":{"line":38,"column":3}}},"4":{"name":"(anonymous_6)","decl":{"start":{"line":40,"column":2},"end":{"line":40,"column":13}},"loc":{"start":{"line":40,"column":22},"end":{"line":42,"column":3}}}},"branchMap":{"0":{"loc":{"start":{"line":20,"column":15},"end":{"line":20,"column":29}},"type":"cond-expr","locations":[{"start":{"line":20,"column":15},"end":{"line":20,"column":17}},{"start":{"line":20,"column":21},"end":{"line":20,"column":29}}]},"1":{"loc":{"start":{"line":20,"column":15},"end":{"line":20,"column":21}},"type":"binary-expr","locations":[{"start":{"line":20,"column":15},"end":{"line":20,"column":21}},{"start":{"line":20,"column":15},"end":{"line":20,"column":21}}]},"2":{"loc":{"start":{"line":24,"column":17},"end":{"line":24,"column":46}},"type":"cond-expr","locations":[{"start":{"line":24,"column":32},"end":{"line":24,"column":36}},{"start":{"line":24,"column":36},"end":{"line":24,"column":46}}]},"3":{"loc":{"start":{"line":24,"column":17},"end":{"line":24,"column":36}},"type":"binary-expr","locations":[{"start":{"line":24,"column":17},"end":{"line":24,"column":36}},{"start":{"line":24,"column":32},"end":{"line":24,"column":36}}]}},"s":{"0":5,"1":5,"2":5,"3":9,"4":9,"5":18,"6":6,"7":0,"8":4,"9":5,"10":5},"f":{"0":9,"1":18,"2":6,"3":0,"4":4},"b":{"0":[0,9],"1":[9,9],"2":[0,9],"3":[9,9]}}
,"C:\\Users\\valer\\Desktop\\vitor\\FinancialPlanner\\src\\entities\\transaction.entity.ts": {"path":"C:\\Users\\valer\\Desktop\\vitor\\FinancialPlanner\\src\\entities\\transaction.entity.ts","statementMap":{"0":{"start":{"line":1,"column":0},"end":{"line":1,"column":35}},"1":{"start":{"line":2,"column":0},"end":{"line":2,"column":55}},"2":{"start":{"line":3,"column":0},"end":{"line":3,"column":36}},"3":{"start":{"line":7,"column":0},"end":{"line":7,"column":45}},"4":{"start":{"line":17,"column":17},"end":{"line":73,"column":null}},"5":{"start":{"line":23,"column":30},"end":{"line":23,"column":41}},"6":{"start":{"line":26,"column":4},"end":{"line":26,"column":30}},"7":{"start":{"line":28,"column":4},"end":{"line":31,"column":6}},"8":{"start":{"line":35,"column":4},"end":{"line":35,"column":20}},"9":{"start":{"line":39,"column":4},"end":{"line":39,"column":28}},"10":{"start":{"line":43,"column":4},"end":{"line":43,"column":29}},"11":{"start":{"line":47,"column":4},"end":{"line":47,"column":27}},"12":{"start":{"line":51,"column":4},"end":{"line":51,"column":27}},"13":{"start":{"line":55,"column":4},"end":{"line":55,"column":28}},"14":{"start":{"line":59,"column":4},"end":{"line":59,"column":29}},"15":{"start":{"line":63,"column":4},"end":{"line":63,"column":32}},"16":{"start":{"line":67,"column":4},"end":{"line":67,"column":26}},"17":{"start":{"line":71,"column":4},"end":{"line":71,"column":30}},"18":{"start":{"line":17,"column":6},"end":{"line":73,"column":null}},"19":{"start":{"line":75,"column":9},"end":{"line":75,"column":20}}},"fnMap":{"0":{"name":"(anonymous_4)","decl":{"start":{"line":21,"column":2},"end":{"line":21,"column":null}},"loc":{"start":{"line":24,"column":15},"end":{"line":32,"column":3}}},"1":{"name":"(anonymous_5)","decl":{"start":{"line":34,"column":2},"end":{"line":34,"column":13}},"loc":{"start":{"line":34,"column":15},"end":{"line":36,"column":3}}},"2":{"name":"(anonymous_6)","decl":{"start":{"line":38,"column":2},"end":{"line":38,"column":13}},"loc":{"start":{"line":38,"column":18},"end":{"line":40,"column":3}}},"3":{"name":"(anonymous_7)","decl":{"start":{"line":42,"column":2},"end":{"line":42,"column":13}},"loc":{"start":{"line":42,"column":32},"end":{"line":44,"column":3}}},"4":{"name":"(anonymous_8)","decl":{"start":{"line":46,"column":2},"end":{"line":46,"column":13}},"loc":{"start":{"line":46,"column":17},"end":{"line":48,"column":3}}},"5":{"name":"(anonymous_9)","decl":{"start":{"line":50,"column":2},"end":{"line":50,"column":13}},"loc":{"start":{"line":50,"column":44},"end":{"line":52,"column":3}}},"6":{"name":"(anonymous_10)","decl":{"start":{"line":54,"column":2},"end":{"line":54,"column":13}},"loc":{"start":{"line":54,"column":18},"end":{"line":56,"column":3}}},"7":{"name":"(anonymous_11)","decl":{"start":{"line":58,"column":2},"end":{"line":58,"column":13}},"loc":{"start":{"line":58,"column":32},"end":{"line":60,"column":3}}},"8":{"name":"(anonymous_12)","decl":{"start":{"line":62,"column":2},"end":{"line":62,"column":13}},"loc":{"start":{"line":62,"column":22},"end":{"line":64,"column":3}}},"9":{"name":"(anonymous_13)","decl":{"start":{"line":66,"column":2},"end":{"line":66,"column":13}},"loc":{"start":{"line":66,"column":21},"end":{"line":68,"column":3}}},"10":{"name":"(anonymous_14)","decl":{"start":{"line":70,"column":2},"end":{"line":70,"column":13}},"loc":{"start":{"line":70,"column":40},"end":{"line":72,"column":3}}}},"branchMap":{"0":{"loc":{"start":{"line":26,"column":15},"end":{"line":26,"column":29}},"type":"cond-expr","locations":[{"start":{"line":26,"column":15},"end":{"line":26,"column":17}},{"start":{"line":26,"column":21},"end":{"line":26,"column":29}}]},"1":{"loc":{"start":{"line":26,"column":15},"end":{"line":26,"column":21}},"type":"binary-expr","locations":[{"start":{"line":26,"column":15},"end":{"line":26,"column":21}},{"start":{"line":26,"column":15},"end":{"line":26,"column":21}}]},"2":{"loc":{"start":{"line":30,"column":17},"end":{"line":30,"column":46}},"type":"cond-expr","locations":[{"start":{"line":30,"column":32},"end":{"line":30,"column":36}},{"start":{"line":30,"column":36},"end":{"line":30,"column":46}}]},"3":{"loc":{"start":{"line":30,"column":17},"end":{"line":30,"column":36}},"type":"binary-expr","locations":[{"start":{"line":30,"column":17},"end":{"line":30,"column":36}},{"start":{"line":30,"column":32},"end":{"line":30,"column":36}}]}},"s":{"0":3,"1":3,"2":3,"3":3,"4":3,"5":6,"6":6,"7":6,"8":6,"9":5,"10":0,"11":5,"12":0,"13":5,"14":0,"15":5,"16":8,"17":0,"18":3,"19":3},"f":{"0":6,"1":6,"2":5,"3":0,"4":5,"5":0,"6":5,"7":0,"8":5,"9":8,"10":0},"b":{"0":[0,6],"1":[6,6],"2":[0,6],"3":[6,6]}}
,"C:\\Users\\valer\\Desktop\\vitor\\FinancialPlanner\\src\\providers\\database\\prisma\\index.ts": {"path":"C:\\Users\\valer\\Desktop\\vitor\\FinancialPlanner\\src\\providers\\database\\prisma\\index.ts","statementMap":{"0":{"start":{"line":1,"column":0},"end":{"line":1,"column":46}},"1":{"start":{"line":2,"column":0},"end":{"line":2,"column":61}},"2":{"start":{"line":4,"column":25},"end":{"line":6,"column":1}},"3":{"start":{"line":5,"column":2},"end":{"line":5,"column":61}},"4":{"start":{"line":9,"column":27},"end":{"line":19,"column":null}},"5":{"start":{"line":10,"column":11},"end":{"line":10,"column":53}},"6":{"start":{"line":13,"column":4},"end":{"line":13,"column":33}},"7":{"start":{"line":17,"column":4},"end":{"line":17,"column":36}},"8":{"start":{"line":9,"column":13},"end":{"line":19,"column":null}},"9":{"start":{"line":9,"column":13},"end":{"line":9,"column":27}}},"fnMap":{"0":{"name":"(anonymous_1)","decl":{"start":{"line":4,"column":25},"end":{"line":4,"column":26}},"loc":{"start":{"line":4,"column":45},"end":{"line":6,"column":1}}},"1":{"name":"(anonymous_2)","decl":{"start":{"line":9,"column":7},"end":{"line":9,"column":13}},"loc":{"start":{"line":9,"column":7},"end":{"line":19,"column":1}}},"2":{"name":"(anonymous_3)","decl":{"start":{"line":12,"column":9},"end":{"line":12,"column":14}},"loc":{"start":{"line":12,"column":22},"end":{"line":14,"column":3}}},"3":{"name":"(anonymous_4)","decl":{"start":{"line":16,"column":9},"end":{"line":16,"column":14}},"loc":{"start":{"line":16,"column":23},"end":{"line":18,"column":3}}}},"branchMap":{},"s":{"0":5,"1":5,"2":5,"3":5,"4":5,"5":0,"6":0,"7":0,"8":5,"9":5},"f":{"0":5,"1":0,"2":0,"3":0},"b":{}}
,"C:\\Users\\valer\\Desktop\\vitor\\FinancialPlanner\\src\\providers\\database\\prisma\\mappers\\prisma-category-mapper.ts": {"path":"C:\\Users\\valer\\Desktop\\vitor\\FinancialPlanner\\src\\providers\\database\\prisma\\mappers\\prisma-category-mapper.ts","statementMap":{"0":{"start":{"line":3,"column":0},"end":{"line":3,"column":53}},"1":{"start":{"line":7,"column":4},"end":{"line":11,"column":6}},"2":{"start":{"line":15,"column":4},"end":{"line":21,"column":6}},"3":{"start":{"line":5,"column":0},"end":{"line":5,"column":13}}},"fnMap":{"0":{"name":"(anonymous_0)","decl":{"start":{"line":6,"column":2},"end":{"line":6,"column":8}},"loc":{"start":{"line":6,"column":36},"end":{"line":12,"column":3}}},"1":{"name":"(anonymous_1)","decl":{"start":{"line":14,"column":2},"end":{"line":14,"column":8}},"loc":{"start":{"line":14,"column":42},"end":{"line":22,"column":3}}}},"branchMap":{},"s":{"0":4,"1":0,"2":0,"3":4},"f":{"0":0,"1":0},"b":{}}
,"C:\\Users\\valer\\Desktop\\vitor\\FinancialPlanner\\src\\providers\\database\\prisma\\mappers\\prisma-transaction-mapper.ts": {"path":"C:\\Users\\valer\\Desktop\\vitor\\FinancialPlanner\\src\\providers\\database\\prisma\\mappers\\prisma-transaction-mapper.ts","statementMap":{"0":{"start":{"line":5,"column":0},"end":{"line":5,"column":57}},"1":{"start":{"line":7,"column":0},"end":{"line":7,"column":59}},"2":{"start":{"line":8,"column":0},"end":{"line":8,"column":53}},"3":{"start":{"line":12,"column":4},"end":{"line":19,"column":6}},"4":{"start":{"line":25,"column":4},"end":{"line":34,"column":6}},"5":{"start":{"line":10,"column":0},"end":{"line":10,"column":13}}},"fnMap":{"0":{"name":"(anonymous_0)","decl":{"start":{"line":11,"column":2},"end":{"line":11,"column":8}},"loc":{"start":{"line":11,"column":42},"end":{"line":20,"column":3}}},"1":{"name":"(anonymous_1)","decl":{"start":{"line":22,"column":2},"end":{"line":22,"column":8}},"loc":{"start":{"line":23,"column":65},"end":{"line":35,"column":3}}}},"branchMap":{},"s":{"0":3,"1":3,"2":3,"3":0,"4":0,"5":3},"f":{"0":0,"1":0},"b":{}}
,"C:\\Users\\valer\\Desktop\\vitor\\FinancialPlanner\\src\\providers\\database\\prisma\\repositories\\prisma-category-repository.ts": {"path":"C:\\Users\\valer\\Desktop\\vitor\\FinancialPlanner\\src\\providers\\database\\prisma\\repositories\\prisma-category-repository.ts","statementMap":{"0":{"start":{"line":1,"column":0},"end":{"line":1,"column":55}},"1":{"start":{"line":2,"column":0},"end":{"line":2,"column":35}},"2":{"start":{"line":8,"column":0},"end":{"line":8,"column":36}},"3":{"start":{"line":9,"column":0},"end":{"line":9,"column":73}},"4":{"start":{"line":12,"column":30},"end":{"line":55,"column":null}},"5":{"start":{"line":13,"column":46},"end":{"line":13,"column":54}},"6":{"start":{"line":16,"column":24},"end":{"line":18,"column":6}},"7":{"start":{"line":20,"column":4},"end":{"line":20,"column":54}},"8":{"start":{"line":24,"column":28},"end":{"line":27,"column":6}},"9":{"start":{"line":29,"column":4},"end":{"line":29,"column":58}},"10":{"start":{"line":33,"column":4},"end":{"line":33,"column":64}},"11":{"start":{"line":37,"column":21},"end":{"line":39,"column":6}},"12":{"start":{"line":41,"column":4},"end":{"line":43,"column":null}},"13":{"start":{"line":42,"column":6},"end":{"line":42,"column":18}},"14":{"start":{"line":45,"column":4},"end":{"line":45,"column":51}},"15":{"start":{"line":49,"column":23},"end":{"line":49,"column":67}},"16":{"start":{"line":51,"column":4},"end":{"line":53,"column":6}},"17":{"start":{"line":52,"column":6},"end":{"line":52,"column":45}},"18":{"start":{"line":12,"column":6},"end":{"line":55,"column":null}},"19":{"start":{"line":57,"column":9},"end":{"line":57,"column":33}}},"fnMap":{"0":{"name":"(anonymous_4)","decl":{"start":{"line":13,"column":2},"end":{"line":13,"column":15}},"loc":{"start":{"line":13,"column":68},"end":{"line":13,"column":72}}},"1":{"name":"(anonymous_5)","decl":{"start":{"line":15,"column":2},"end":{"line":15,"column":7}},"loc":{"start":{"line":15,"column":33},"end":{"line":21,"column":3}}},"2":{"name":"(anonymous_6)","decl":{"start":{"line":23,"column":2},"end":{"line":23,"column":7}},"loc":{"start":{"line":23,"column":33},"end":{"line":30,"column":3}}},"3":{"name":"(anonymous_7)","decl":{"start":{"line":32,"column":2},"end":{"line":32,"column":7}},"loc":{"start":{"line":32,"column":25},"end":{"line":34,"column":3}}},"4":{"name":"(anonymous_8)","decl":{"start":{"line":36,"column":2},"end":{"line":36,"column":7}},"loc":{"start":{"line":36,"column":23},"end":{"line":46,"column":3}}},"5":{"name":"(anonymous_9)","decl":{"start":{"line":48,"column":2},"end":{"line":48,"column":7}},"loc":{"start":{"line":48,"column":15},"end":{"line":54,"column":3}}},"6":{"name":"(anonymous_10)","decl":{"start":{"line":51,"column":26},"end":{"line":51,"column":27}},"loc":{"start":{"line":52,"column":6},"end":{"line":52,"column":45}}}},"branchMap":{"0":{"loc":{"start":{"line":41,"column":4},"end":{"line":43,"column":null}},"type":"if","locations":[{"start":{"line":41,"column":4},"end":{"line":43,"column":null}}]}},"s":{"0":4,"1":4,"2":4,"3":4,"4":4,"5":0,"6":0,"7":0,"8":0,"9":0,"10":0,"11":0,"12":0,"13":0,"14":0,"15":0,"16":0,"17":0,"18":4,"19":4},"f":{"0":0,"1":0,"2":0,"3":0,"4":0,"5":0,"6":0},"b":{"0":[0]}}
,"C:\\Users\\valer\\Desktop\\vitor\\FinancialPlanner\\src\\providers\\database\\prisma\\repositories\\prisma-transaction-repository.ts": {"path":"C:\\Users\\valer\\Desktop\\vitor\\FinancialPlanner\\src\\providers\\database\\prisma\\repositories\\prisma-transaction-repository.ts","statementMap":{"0":{"start":{"line":1,"column":0},"end":{"line":1,"column":55}},"1":{"start":{"line":2,"column":0},"end":{"line":2,"column":35}},"2":{"start":{"line":11,"column":0},"end":{"line":11,"column":36}},"3":{"start":{"line":12,"column":0},"end":{"line":12,"column":79}},"4":{"start":{"line":15,"column":33},"end":{"line":95,"column":null}},"5":{"start":{"line":16,"column":46},"end":{"line":16,"column":54}},"6":{"start":{"line":19,"column":27},"end":{"line":22,"column":6}},"7":{"start":{"line":24,"column":4},"end":{"line":24,"column":60}},"8":{"start":{"line":28,"column":31},"end":{"line":32,"column":6}},"9":{"start":{"line":34,"column":4},"end":{"line":34,"column":64}},"10":{"start":{"line":38,"column":4},"end":{"line":38,"column":67}},"11":{"start":{"line":42,"column":24},"end":{"line":45,"column":6}},"12":{"start":{"line":47,"column":4},"end":{"line":49,"column":null}},"13":{"start":{"line":48,"column":6},"end":{"line":48,"column":18}},"14":{"start":{"line":51,"column":4},"end":{"line":51,"column":57}},"15":{"start":{"line":55,"column":25},"end":{"line":57,"column":6}},"16":{"start":{"line":59,"column":4},"end":{"line":61,"column":6}},"17":{"start":{"line":60,"column":6},"end":{"line":60,"column":51}},"18":{"start":{"line":65,"column":24},"end":{"line":68,"column":6}},"19":{"start":{"line":70,"column":4},"end":{"line":72,"column":6}},"20":{"start":{"line":71,"column":6},"end":{"line":71,"column":51}},"21":{"start":{"line":76,"column":25},"end":{"line":76,"column":72}},"22":{"start":{"line":78,"column":20},"end":{"line":88,"column":null}},"23":{"start":{"line":80,"column":8},"end":{"line":80,"column":59}},"24":{"start":{"line":82,"column":8},"end":{"line":82,"column":19}},"25":{"start":{"line":91,"column":4},"end":{"line":91,"column":53}},"26":{"start":{"line":93,"column":4},"end":{"line":93,"column":19}},"27":{"start":{"line":15,"column":6},"end":{"line":95,"column":null}},"28":{"start":{"line":97,"column":9},"end":{"line":97,"column":36}}},"fnMap":{"0":{"name":"(anonymous_4)","decl":{"start":{"line":16,"column":2},"end":{"line":16,"column":15}},"loc":{"start":{"line":16,"column":68},"end":{"line":16,"column":72}}},"1":{"name":"(anonymous_5)","decl":{"start":{"line":18,"column":2},"end":{"line":18,"column":7}},"loc":{"start":{"line":18,"column":39},"end":{"line":25,"column":3}}},"2":{"name":"(anonymous_6)","decl":{"start":{"line":27,"column":2},"end":{"line":27,"column":7}},"loc":{"start":{"line":27,"column":39},"end":{"line":35,"column":3}}},"3":{"name":"(anonymous_7)","decl":{"start":{"line":37,"column":2},"end":{"line":37,"column":7}},"loc":{"start":{"line":37,"column":25},"end":{"line":39,"column":3}}},"4":{"name":"(anonymous_8)","decl":{"start":{"line":41,"column":2},"end":{"line":41,"column":7}},"loc":{"start":{"line":41,"column":23},"end":{"line":52,"column":3}}},"5":{"name":"(anonymous_9)","decl":{"start":{"line":54,"column":2},"end":{"line":54,"column":7}},"loc":{"start":{"line":54,"column":15},"end":{"line":62,"column":3}}},"6":{"name":"(anonymous_10)","decl":{"start":{"line":59,"column":28},"end":{"line":59,"column":29}},"loc":{"start":{"line":60,"column":6},"end":{"line":60,"column":51}}},"7":{"name":"(anonymous_11)","decl":{"start":{"line":64,"column":2},"end":{"line":64,"column":7}},"loc":{"start":{"line":64,"column":43},"end":{"line":73,"column":3}}},"8":{"name":"(anonymous_12)","decl":{"start":{"line":70,"column":27},"end":{"line":70,"column":28}},"loc":{"start":{"line":71,"column":6},"end":{"line":71,"column":51}}},"9":{"name":"(anonymous_13)","decl":{"start":{"line":75,"column":2},"end":{"line":75,"column":7}},"loc":{"start":{"line":75,"column":18},"end":{"line":94,"column":3}}},"10":{"name":"(anonymous_14)","decl":{"start":{"line":79,"column":6},"end":{"line":79,"column":7}},"loc":{"start":{"line":79,"column":27},"end":{"line":83,"column":7}}}},"branchMap":{"0":{"loc":{"start":{"line":47,"column":4},"end":{"line":49,"column":null}},"type":"if","locations":[{"start":{"line":47,"column":4},"end":{"line":49,"column":null}}]}},"s":{"0":3,"1":3,"2":3,"3":3,"4":3,"5":0,"6":0,"7":0,"8":0,"9":0,"10":0,"11":0,"12":0,"13":0,"14":0,"15":0,"16":0,"17":0,"18":0,"19":0,"20":0,"21":0,"22":0,"23":0,"24":0,"25":0,"26":0,"27":3,"28":3},"f":{"0":0,"1":0,"2":0,"3":0,"4":0,"5":0,"6":0,"7":0,"8":0,"9":0,"10":0},"b":{"0":[0]}}
,"C:\\Users\\valer\\Desktop\\vitor\\FinancialPlanner\\src\\repositories\\category\\category-repository.ts": {"path":"C:\\Users\\valer\\Desktop\\vitor\\FinancialPlanner\\src\\repositories\\category\\category-repository.ts","statementMap":{"0":{"start":{"line":1,"column":0},"end":{"line":1,"column":55}},"1":{"start":{"line":3,"column":0},"end":{"line":3,"column":110}},"2":{"start":{"line":7,"column":24},"end":{"line":9,"column":null}},"3":{"start":{"line":7,"column":6},"end":{"line":9,"column":null}},"4":{"start":{"line":11,"column":9},"end":{"line":11,"column":27}}},"fnMap":{},"branchMap":{},"s":{"0":4,"1":4,"2":4,"3":4,"4":4},"f":{},"b":{}}
,"C:\\Users\\valer\\Desktop\\vitor\\FinancialPlanner\\src\\repositories\\transaction\\transaction.repository.ts": {"path":"C:\\Users\\valer\\Desktop\\vitor\\FinancialPlanner\\src\\repositories\\transaction\\transaction.repository.ts","statementMap":{"0":{"start":{"line":1,"column":0},"end":{"line":1,"column":55}},"1":{"start":{"line":3,"column":0},"end":{"line":3,"column":116}},"2":{"start":{"line":7,"column":27},"end":{"line":9,"column":null}},"3":{"start":{"line":7,"column":6},"end":{"line":9,"column":null}},"4":{"start":{"line":11,"column":9},"end":{"line":11,"column":30}}},"fnMap":{},"branchMap":{},"s":{"0":3,"1":3,"2":3,"3":3,"4":3},"f":{},"b":{}}
,"C:\\Users\\valer\\Desktop\\vitor\\FinancialPlanner\\src\\useCases\\category\\create\\create-category.usecase.ts": {"path":"C:\\Users\\valer\\Desktop\\vitor\\FinancialPlanner\\src\\useCases\\category\\create\\create-category.usecase.ts","statementMap":{"0":{"start":{"line":1,"column":0},"end":{"line":1,"column":35}},"1":{"start":{"line":2,"column":0},"end":{"line":2,"column":55}},"2":{"start":{"line":4,"column":0},"end":{"line":4,"column":53}},"3":{"start":{"line":10,"column":0},"end":{"line":10,"column":80}},"4":{"start":{"line":14,"column":27},"end":{"line":36,"column":null}},"5":{"start":{"line":16,"column":40},"end":{"line":16,"column":79}},"6":{"start":{"line":22,"column":4},"end":{"line":34,"column":null}},"7":{"start":{"line":23,"column":23},"end":{"line":23,"column":41}},"8":{"start":{"line":25,"column":25},"end":{"line":25,"column":71}},"9":{"start":{"line":27,"column":6},"end":{"line":31,"column":8}},"10":{"start":{"line":33,"column":6},"end":{"line":33,"column":18}},"11":{"start":{"line":14,"column":6},"end":{"line":36,"column":null}},"12":{"start":{"line":38,"column":9},"end":{"line":38,"column":30}}},"fnMap":{"0":{"name":"(anonymous_4)","decl":{"start":{"line":15,"column":2},"end":{"line":15,"column":null}},"loc":{"start":{"line":16,"column":79},"end":{"line":17,"column":6}}},"1":{"name":"(anonymous_5)","decl":{"start":{"line":19,"column":2},"end":{"line":19,"column":7}},"loc":{"start":{"line":20,"column":28},"end":{"line":35,"column":3}}}},"branchMap":{},"s":{"0":1,"1":1,"2":1,"3":1,"4":1,"5":1,"6":1,"7":1,"8":1,"9":1,"10":0,"11":1,"12":1},"f":{"0":1,"1":1},"b":{}}
,"C:\\Users\\valer\\Desktop\\vitor\\FinancialPlanner\\src\\useCases\\category\\findall\\findall-category.usecase.ts": {"path":"C:\\Users\\valer\\Desktop\\vitor\\FinancialPlanner\\src\\useCases\\category\\findall\\findall-category.usecase.ts","statementMap":{"0":{"start":{"line":1,"column":0},"end":{"line":1,"column":35}},"1":{"start":{"line":2,"column":0},"end":{"line":2,"column":55}},"2":{"start":{"line":6,"column":0},"end":{"line":6,"column":80}},"3":{"start":{"line":10,"column":28},"end":{"line":28,"column":null}},"4":{"start":{"line":12,"column":40},"end":{"line":12,"column":79}},"5":{"start":{"line":16,"column":4},"end":{"line":26,"column":null}},"6":{"start":{"line":17,"column":25},"end":{"line":17,"column":64}},"7":{"start":{"line":19,"column":6},"end":{"line":23,"column":10}},"8":{"start":{"line":19,"column":43},"end":{"line":23,"column":8}},"9":{"start":{"line":25,"column":6},"end":{"line":25,"column":18}},"10":{"start":{"line":10,"column":6},"end":{"line":28,"column":null}},"11":{"start":{"line":30,"column":9},"end":{"line":30,"column":31}}},"fnMap":{"0":{"name":"(anonymous_4)","decl":{"start":{"line":11,"column":2},"end":{"line":11,"column":null}},"loc":{"start":{"line":12,"column":79},"end":{"line":13,"column":6}}},"1":{"name":"(anonymous_5)","decl":{"start":{"line":15,"column":2},"end":{"line":15,"column":7}},"loc":{"start":{"line":15,"column":15},"end":{"line":27,"column":3}}},"2":{"name":"(anonymous_6)","decl":{"start":{"line":19,"column":28},"end":{"line":19,"column":29}},"loc":{"start":{"line":19,"column":43},"end":{"line":23,"column":8}}}},"branchMap":{},"s":{"0":1,"1":1,"2":1,"3":1,"4":1,"5":1,"6":1,"7":1,"8":2,"9":0,"10":1,"11":1},"f":{"0":1,"1":1,"2":2},"b":{}}
,"C:\\Users\\valer\\Desktop\\vitor\\FinancialPlanner\\src\\useCases\\ping\\ping.usecase.ts": {"path":"C:\\Users\\valer\\Desktop\\vitor\\FinancialPlanner\\src\\useCases\\ping\\ping.usecase.ts","statementMap":{"0":{"start":{"line":1,"column":0},"end":{"line":1,"column":55}},"1":{"start":{"line":5,"column":17},"end":{"line":24,"column":null}},"2":{"start":{"line":7,"column":22},"end":{"line":7,"column":32}},"3":{"start":{"line":8,"column":34},"end":{"line":8,"column":65}},"4":{"start":{"line":9,"column":24},"end":{"line":9,"column":44}},"5":{"start":{"line":11,"column":19},"end":{"line":13,"column":5}},"6":{"start":{"line":12,"column":6},"end":{"line":12,"column":67}},"7":{"start":{"line":15,"column":38},"end":{"line":20,"column":6}},"8":{"start":{"line":22,"column":4},"end":{"line":22,"column":20}},"9":{"start":{"line":5,"column":6},"end":{"line":24,"column":null}},"10":{"start":{"line":26,"column":9},"end":{"line":26,"column":20}}},"fnMap":{"0":{"name":"(anonymous_1)","decl":{"start":{"line":6,"column":2},"end":{"line":6,"column":9}},"loc":{"start":{"line":6,"column":21},"end":{"line":23,"column":3}}},"1":{"name":"(anonymous_2)","decl":{"start":{"line":11,"column":19},"end":{"line":11,"column":20}},"loc":{"start":{"line":11,"column":31},"end":{"line":13,"column":5}}}},"branchMap":{},"s":{"0":1,"1":1,"2":1,"3":1,"4":1,"5":1,"6":2,"7":1,"8":1,"9":1,"10":1},"f":{"0":1,"1":2},"b":{}}
,"C:\\Users\\valer\\Desktop\\vitor\\FinancialPlanner\\src\\useCases\\transaction\\create\\create-transaction.usecase.ts": {"path":"C:\\Users\\valer\\Desktop\\vitor\\FinancialPlanner\\src\\useCases\\transaction\\create\\create-transaction.usecase.ts","statementMap":{"0":{"start":{"line":1,"column":0},"end":{"line":1,"column":64}},"1":{"start":{"line":2,"column":0},"end":{"line":2,"column":35}},"2":{"start":{"line":3,"column":0},"end":{"line":3,"column":55}},"3":{"start":{"line":5,"column":0},"end":{"line":5,"column":59}},"4":{"start":{"line":12,"column":0},"end":{"line":12,"column":89}},"5":{"start":{"line":13,"column":0},"end":{"line":13,"column":80}},"6":{"start":{"line":17,"column":30},"end":{"line":75,"column":null}},"7":{"start":{"line":20,"column":12},"end":{"line":20,"column":57}},"8":{"start":{"line":22,"column":12},"end":{"line":22,"column":51}},"9":{"start":{"line":28,"column":4},"end":{"line":36,"column":null}},"10":{"start":{"line":29,"column":6},"end":{"line":35,"column":8}},"11":{"start":{"line":38,"column":32},"end":{"line":39,"column":null}},"12":{"start":{"line":42,"column":4},"end":{"line":50,"column":null}},"13":{"start":{"line":43,"column":6},"end":{"line":49,"column":8}},"14":{"start":{"line":52,"column":4},"end":{"line":73,"column":null}},"15":{"start":{"line":53,"column":26},"end":{"line":54,"column":null}},"16":{"start":{"line":57,"column":62},"end":{"line":57,"column":73}},"17":{"start":{"line":59,"column":6},"end":{"line":70,"column":8}},"18":{"start":{"line":72,"column":6},"end":{"line":72,"column":18}},"19":{"start":{"line":17,"column":6},"end":{"line":75,"column":null}},"20":{"start":{"line":77,"column":9},"end":{"line":77,"column":33}}},"fnMap":{"0":{"name":"(anonymous_4)","decl":{"start":{"line":18,"column":2},"end":{"line":18,"column":null}},"loc":{"start":{"line":22,"column":51},"end":{"line":23,"column":6}}},"1":{"name":"(anonymous_5)","decl":{"start":{"line":25,"column":2},"end":{"line":25,"column":7}},"loc":{"start":{"line":26,"column":31},"end":{"line":74,"column":3}}}},"branchMap":{"0":{"loc":{"start":{"line":28,"column":4},"end":{"line":36,"column":null}},"type":"if","locations":[{"start":{"line":28,"column":4},"end":{"line":36,"column":null}}]},"1":{"loc":{"start":{"line":42,"column":4},"end":{"line":50,"column":null}},"type":"if","locations":[{"start":{"line":42,"column":4},"end":{"line":50,"column":null}}]}},"s":{"0":1,"1":1,"2":1,"3":1,"4":1,"5":1,"6":1,"7":3,"8":3,"9":3,"10":1,"11":2,"12":2,"13":1,"14":1,"15":1,"16":1,"17":1,"18":0,"19":1,"20":1},"f":{"0":3,"1":3},"b":{"0":[1],"1":[1]}}
,"C:\\Users\\valer\\Desktop\\vitor\\FinancialPlanner\\src\\useCases\\transaction\\findall\\findall-transaction.usecase.ts": {"path":"C:\\Users\\valer\\Desktop\\vitor\\FinancialPlanner\\src\\useCases\\transaction\\findall\\findall-transaction.usecase.ts","statementMap":{"0":{"start":{"line":1,"column":0},"end":{"line":1,"column":35}},"1":{"start":{"line":2,"column":0},"end":{"line":2,"column":55}},"2":{"start":{"line":8,"column":0},"end":{"line":8,"column":89}},"3":{"start":{"line":11,"column":31},"end":{"line":36,"column":null}},"4":{"start":{"line":14,"column":12},"end":{"line":14,"column":57}},"5":{"start":{"line":18,"column":4},"end":{"line":34,"column":null}},"6":{"start":{"line":19,"column":27},"end":{"line":19,"column":69}},"7":{"start":{"line":21,"column":6},"end":{"line":31,"column":10}},"8":{"start":{"line":21,"column":61},"end":{"line":31,"column":8}},"9":{"start":{"line":33,"column":6},"end":{"line":33,"column":18}},"10":{"start":{"line":11,"column":6},"end":{"line":36,"column":null}},"11":{"start":{"line":38,"column":9},"end":{"line":38,"column":34}}},"fnMap":{"0":{"name":"(anonymous_4)","decl":{"start":{"line":12,"column":2},"end":{"line":12,"column":null}},"loc":{"start":{"line":14,"column":57},"end":{"line":15,"column":6}}},"1":{"name":"(anonymous_5)","decl":{"start":{"line":17,"column":2},"end":{"line":17,"column":7}},"loc":{"start":{"line":17,"column":15},"end":{"line":35,"column":3}}},"2":{"name":"(anonymous_6)","decl":{"start":{"line":21,"column":30},"end":{"line":21,"column":31}},"loc":{"start":{"line":21,"column":61},"end":{"line":31,"column":8}}}},"branchMap":{},"s":{"0":1,"1":1,"2":1,"3":1,"4":1,"5":1,"6":1,"7":1,"8":2,"9":0,"10":1,"11":1},"f":{"0":1,"1":1,"2":2},"b":{}}
,"C:\\Users\\valer\\Desktop\\vitor\\FinancialPlanner\\src\\useCases\\transaction\\findbycategory\\findbycategory-transaction.usecase.ts": {"path":"C:\\Users\\valer\\Desktop\\vitor\\FinancialPlanner\\src\\useCases\\transaction\\findbycategory\\findbycategory-transaction.usecase.ts","statementMap":{"0":{"start":{"line":1,"column":0},"end":{"line":1,"column":64}},"1":{"start":{"line":2,"column":0},"end":{"line":2,"column":35}},"2":{"start":{"line":3,"column":0},"end":{"line":3,"column":55}},"3":{"start":{"line":9,"column":0},"end":{"line":9,"column":89}},"4":{"start":{"line":11,"column":0},"end":{"line":11,"column":80}},"5":{"start":{"line":14,"column":38},"end":{"line":53,"column":null}},"6":{"start":{"line":17,"column":12},"end":{"line":17,"column":57}},"7":{"start":{"line":19,"column":12},"end":{"line":19,"column":51}},"8":{"start":{"line":25,"column":4},"end":{"line":51,"column":null}},"9":{"start":{"line":26,"column":29},"end":{"line":26,"column":75}},"10":{"start":{"line":28,"column":6},"end":{"line":36,"column":null}},"11":{"start":{"line":29,"column":8},"end":{"line":35,"column":10}},"12":{"start":{"line":38,"column":27},"end":{"line":39,"column":null}},"13":{"start":{"line":42,"column":6},"end":{"line":48,"column":10}},"14":{"start":{"line":42,"column":61},"end":{"line":48,"column":8}},"15":{"start":{"line":50,"column":6},"end":{"line":50,"column":18}},"16":{"start":{"line":14,"column":6},"end":{"line":53,"column":null}},"17":{"start":{"line":55,"column":9},"end":{"line":55,"column":41}}},"fnMap":{"0":{"name":"(anonymous_4)","decl":{"start":{"line":15,"column":2},"end":{"line":15,"column":null}},"loc":{"start":{"line":19,"column":51},"end":{"line":20,"column":6}}},"1":{"name":"(anonymous_5)","decl":{"start":{"line":22,"column":2},"end":{"line":22,"column":7}},"loc":{"start":{"line":23,"column":22},"end":{"line":52,"column":3}}},"2":{"name":"(anonymous_6)","decl":{"start":{"line":42,"column":30},"end":{"line":42,"column":31}},"loc":{"start":{"line":42,"column":61},"end":{"line":48,"column":8}}}},"branchMap":{"0":{"loc":{"start":{"line":28,"column":6},"end":{"line":36,"column":null}},"type":"if","locations":[{"start":{"line":28,"column":6},"end":{"line":36,"column":null}}]}},"s":{"0":1,"1":1,"2":1,"3":1,"4":1,"5":1,"6":2,"7":2,"8":2,"9":2,"10":2,"11":1,"12":1,"13":1,"14":2,"15":1,"16":1,"17":1},"f":{"0":2,"1":2,"2":2},"b":{"0":[1]}}
,"C:\\Users\\valer\\Desktop\\vitor\\FinancialPlanner\\test\\repositories\\inmemory-category-repository.ts": {"path":"C:\\Users\\valer\\Desktop\\vitor\\FinancialPlanner\\test\\repositories\\inmemory-category-repository.ts","statementMap":{"0":{"start":{"line":1,"column":0},"end":{"line":1,"column":55}},"1":{"start":{"line":7,"column":32},"end":{"line":45,"column":null}},"2":{"start":{"line":8,"column":10},"end":{"line":8,"column":40}},"3":{"start":{"line":11,"column":4},"end":{"line":11,"column":37}},"4":{"start":{"line":12,"column":4},"end":{"line":12,"column":20}},"5":{"start":{"line":16,"column":26},"end":{"line":17,"column":null}},"6":{"start":{"line":17,"column":16},"end":{"line":17,"column":39}},"7":{"start":{"line":20,"column":4},"end":{"line":22,"column":null}},"8":{"start":{"line":21,"column":6},"end":{"line":21,"column":51}},"9":{"start":{"line":24,"column":4},"end":{"line":24,"column":20}},"10":{"start":{"line":28,"column":26},"end":{"line":29,"column":null}},"11":{"start":{"line":29,"column":20},"end":{"line":29,"column":38}},"12":{"start":{"line":32,"column":4},"end":{"line":34,"column":null}},"13":{"start":{"line":33,"column":6},"end":{"line":33,"column":41}},"14":{"start":{"line":38,"column":17},"end":{"line":38,"column":73}},"15":{"start":{"line":38,"column":54},"end":{"line":38,"column":72}},"16":{"start":{"line":39,"column":4},"end":{"line":39,"column":24}},"17":{"start":{"line":43,"column":4},"end":{"line":43,"column":29}},"18":{"start":{"line":7,"column":6},"end":{"line":45,"column":null}},"19":{"start":{"line":47,"column":9},"end":{"line":47,"column":35}}},"fnMap":{"0":{"name":"(anonymous_1)","decl":{"start":{"line":7,"column":0},"end":{"line":7,"column":6}},"loc":{"start":{"line":7,"column":0},"end":{"line":45,"column":1}}},"1":{"name":"(anonymous_2)","decl":{"start":{"line":10,"column":2},"end":{"line":10,"column":7}},"loc":{"start":{"line":10,"column":33},"end":{"line":13,"column":3}}},"2":{"name":"(anonymous_3)","decl":{"start":{"line":15,"column":2},"end":{"line":15,"column":7}},"loc":{"start":{"line":15,"column":33},"end":{"line":25,"column":3}}},"3":{"name":"(anonymous_4)","decl":{"start":{"line":17,"column":6},"end":{"line":17,"column":7}},"loc":{"start":{"line":17,"column":16},"end":{"line":17,"column":39}}},"4":{"name":"(anonymous_5)","decl":{"start":{"line":27,"column":2},"end":{"line":27,"column":7}},"loc":{"start":{"line":27,"column":25},"end":{"line":35,"column":3}}},"5":{"name":"(anonymous_6)","decl":{"start":{"line":29,"column":6},"end":{"line":29,"column":7}},"loc":{"start":{"line":29,"column":20},"end":{"line":29,"column":38}}},"6":{"name":"(anonymous_7)","decl":{"start":{"line":37,"column":2},"end":{"line":37,"column":7}},"loc":{"start":{"line":37,"column":23},"end":{"line":40,"column":3}}},"7":{"name":"(anonymous_8)","decl":{"start":{"line":38,"column":40},"end":{"line":38,"column":41}},"loc":{"start":{"line":38,"column":54},"end":{"line":38,"column":72}}},"8":{"name":"(anonymous_9)","decl":{"start":{"line":42,"column":2},"end":{"line":42,"column":7}},"loc":{"start":{"line":42,"column":15},"end":{"line":44,"column":3}}}},"branchMap":{"0":{"loc":{"start":{"line":20,"column":4},"end":{"line":22,"column":null}},"type":"if","locations":[{"start":{"line":20,"column":4},"end":{"line":22,"column":null}}]},"1":{"loc":{"start":{"line":32,"column":4},"end":{"line":34,"column":null}},"type":"if","locations":[{"start":{"line":32,"column":4},"end":{"line":34,"column":null}}]},"2":{"loc":{"start":{"line":39,"column":11},"end":{"line":39,"column":23}},"type":"binary-expr","locations":[{"start":{"line":39,"column":11},"end":{"line":39,"column":15}},{"start":{"line":39,"column":19},"end":{"line":39,"column":23}}]}},"s":{"0":4,"1":4,"2":4,"3":6,"4":6,"5":0,"6":0,"7":0,"8":0,"9":0,"10":0,"11":0,"12":0,"13":0,"14":4,"15":4,"16":4,"17":1,"18":4,"19":4},"f":{"0":4,"1":6,"2":0,"3":0,"4":0,"5":0,"6":4,"7":4,"8":1},"b":{"0":[0],"1":[0],"2":[4,2]}}
,"C:\\Users\\valer\\Desktop\\vitor\\FinancialPlanner\\test\\repositories\\inmemory-transaction-repository.ts": {"path":"C:\\Users\\valer\\Desktop\\vitor\\FinancialPlanner\\test\\repositories\\inmemory-transaction-repository.ts","statementMap":{"0":{"start":{"line":1,"column":0},"end":{"line":1,"column":55}},"1":{"start":{"line":10,"column":35},"end":{"line":77,"column":null}},"2":{"start":{"line":11,"column":10},"end":{"line":11,"column":45}},"3":{"start":{"line":14,"column":4},"end":{"line":14,"column":42}},"4":{"start":{"line":15,"column":4},"end":{"line":15,"column":23}},"5":{"start":{"line":19,"column":26},"end":{"line":20,"column":null}},"6":{"start":{"line":20,"column":16},"end":{"line":20,"column":42}},"7":{"start":{"line":23,"column":4},"end":{"line":25,"column":null}},"8":{"start":{"line":24,"column":6},"end":{"line":24,"column":56}},"9":{"start":{"line":27,"column":4},"end":{"line":27,"column":23}},"10":{"start":{"line":31,"column":26},"end":{"line":32,"column":null}},"11":{"start":{"line":32,"column":23},"end":{"line":32,"column":44}},"12":{"start":{"line":35,"column":4},"end":{"line":37,"column":null}},"13":{"start":{"line":36,"column":6},"end":{"line":36,"column":43}},"14":{"start":{"line":41,"column":17},"end":{"line":42,"column":null}},"15":{"start":{"line":42,"column":23},"end":{"line":42,"column":44}},"16":{"start":{"line":44,"column":4},"end":{"line":44,"column":24}},"17":{"start":{"line":48,"column":4},"end":{"line":48,"column":31}},"18":{"start":{"line":52,"column":4},"end":{"line":54,"column":6}},"19":{"start":{"line":53,"column":23},"end":{"line":53,"column":61}},"20":{"start":{"line":58,"column":25},"end":{"line":58,"column":44}},"21":{"start":{"line":60,"column":20},"end":{"line":70,"column":null}},"22":{"start":{"line":62,"column":8},"end":{"line":62,"column":59}},"23":{"start":{"line":64,"column":8},"end":{"line":64,"column":19}},"24":{"start":{"line":73,"column":4},"end":{"line":73,"column":53}},"25":{"start":{"line":75,"column":4},"end":{"line":75,"column":19}},"26":{"start":{"line":10,"column":6},"end":{"line":77,"column":null}},"27":{"start":{"line":79,"column":9},"end":{"line":79,"column":38}}},"fnMap":{"0":{"name":"(anonymous_1)","decl":{"start":{"line":10,"column":0},"end":{"line":10,"column":6}},"loc":{"start":{"line":10,"column":0},"end":{"line":77,"column":1}}},"1":{"name":"(anonymous_2)","decl":{"start":{"line":13,"column":2},"end":{"line":13,"column":7}},"loc":{"start":{"line":13,"column":39},"end":{"line":16,"column":3}}},"2":{"name":"(anonymous_3)","decl":{"start":{"line":18,"column":2},"end":{"line":18,"column":7}},"loc":{"start":{"line":18,"column":39},"end":{"line":28,"column":3}}},"3":{"name":"(anonymous_4)","decl":{"start":{"line":20,"column":6},"end":{"line":20,"column":7}},"loc":{"start":{"line":20,"column":16},"end":{"line":20,"column":42}}},"4":{"name":"(anonymous_5)","decl":{"start":{"line":30,"column":2},"end":{"line":30,"column":7}},"loc":{"start":{"line":30,"column":25},"end":{"line":38,"column":3}}},"5":{"name":"(anonymous_6)","decl":{"start":{"line":32,"column":6},"end":{"line":32,"column":7}},"loc":{"start":{"line":32,"column":23},"end":{"line":32,"column":44}}},"6":{"name":"(anonymous_7)","decl":{"start":{"line":40,"column":2},"end":{"line":40,"column":7}},"loc":{"start":{"line":40,"column":23},"end":{"line":45,"column":3}}},"7":{"name":"(anonymous_8)","decl":{"start":{"line":42,"column":6},"end":{"line":42,"column":7}},"loc":{"start":{"line":42,"column":23},"end":{"line":42,"column":44}}},"8":{"name":"(anonymous_9)","decl":{"start":{"line":47,"column":2},"end":{"line":47,"column":7}},"loc":{"start":{"line":47,"column":15},"end":{"line":49,"column":3}}},"9":{"name":"(anonymous_10)","decl":{"start":{"line":51,"column":2},"end":{"line":51,"column":7}},"loc":{"start":{"line":51,"column":43},"end":{"line":55,"column":3}}},"10":{"name":"(anonymous_11)","decl":{"start":{"line":53,"column":6},"end":{"line":53,"column":7}},"loc":{"start":{"line":53,"column":23},"end":{"line":53,"column":61}}},"11":{"name":"(anonymous_12)","decl":{"start":{"line":57,"column":2},"end":{"line":57,"column":7}},"loc":{"start":{"line":57,"column":18},"end":{"line":76,"column":3}}},"12":{"name":"(anonymous_13)","decl":{"start":{"line":61,"column":6},"end":{"line":61,"column":7}},"loc":{"start":{"line":61,"column":27},"end":{"line":65,"column":7}}}},"branchMap":{"0":{"loc":{"start":{"line":23,"column":4},"end":{"line":25,"column":null}},"type":"if","locations":[{"start":{"line":23,"column":4},"end":{"line":25,"column":null}}]},"1":{"loc":{"start":{"line":35,"column":4},"end":{"line":37,"column":null}},"type":"if","locations":[{"start":{"line":35,"column":4},"end":{"line":37,"column":null}}]},"2":{"loc":{"start":{"line":44,"column":11},"end":{"line":44,"column":23}},"type":"binary-expr","locations":[{"start":{"line":44,"column":11},"end":{"line":44,"column":15}},{"start":{"line":44,"column":19},"end":{"line":44,"column":23}}]}},"s":{"0":3,"1":3,"2":3,"3":6,"4":6,"5":0,"6":0,"7":0,"8":0,"9":0,"10":0,"11":0,"12":0,"13":0,"14":0,"15":0,"16":0,"17":1,"18":1,"19":3,"20":0,"21":0,"22":0,"23":0,"24":0,"25":0,"26":3,"27":3},"f":{"0":3,"1":6,"2":0,"3":0,"4":0,"5":0,"6":0,"7":0,"8":1,"9":1,"10":3,"11":0,"12":0},"b":{"0":[0],"1":[0],"2":[0,0]}}
}
